-------------------------------------------------------------------------------
Test set: com.example.oyo.OyoBackendApplicationTests
-------------------------------------------------------------------------------
Tests run: 1, Failures: 0, Errors: 1, Skipped: 0, Time elapsed: 0.276 s <<< FAILURE! - in com.example.oyo.OyoBackendApplicationTests
com.example.oyo.OyoBackendApplicationTests  Time elapsed: 0.276 s  <<< ERROR!
java.lang.IllegalStateException: Unable to find a @SpringBootConfiguration, you need to use @ContextConfiguration or @SpringBootTest(classes=...) with your test

